# JRE version: Java(TM) SE Runtime Environment (21.0.11+9) (build 21.0.11+9-LTS-211)
# Java VM: Java HotSpot(TM) 64-Bit Server VM (21.0.11+9-LTS-211, mixed mode, sharing, tiered, compressed oops, compressed class ptrs, g1 gc, windows-amd64)
GC Precious Log:
 CardTable entry size: 512
 Card Set container configuration: InlinePtr #cards 4 size 8 Array Of Cards #cards 16 size 48 Howl #buckets 8 coarsen threshold 3686 Howl Bitmap #cards 512 size 80 coarsen threshold 460 Card regions per heap region 1 cards per card region 4096
 CPUs: 16 total, 16 available
 Memory: 16008M
 Large Page Support: Disabled
 NUMA Support: Disabled
 Compressed Oops: Enabled (Zero based)
 Heap Region Size: 2M
 Heap Min Capacity: 8M
 Heap Initial Capacity: 252M
 Heap Max Capacity: 4004M
 Pre-touch: Disabled
 Parallel Workers: 13
 Concurrent Workers: 3
 Concurrent Refinement Workers: 13
 Periodic GC: Disabled
Heap:
 garbage-first heap   total 61440K, used 26982K [0x0000000705c00000, 0x0000000800000000)
  region size 2048K, 6 young (12288K), 2 survivors (4096K)
 Metaspace       used 25931K, committed 26240K, reserved 1114112K
  class space    used 2811K, committed 2944K, reserved 1048576K
GC Heap History (18 events):
Event: 1.474 GC heap before
{Heap before GC invocations=0 (full 0):
 garbage-first heap   total 258048K, used 22528K [0x0000000705c00000, 0x0000000800000000)
  region size 2048K, 11 young (22528K), 0 survivors (0K)
 Metaspace       used 5167K, committed 5312K, reserved 1114112K
  class space    used 588K, committed 640K, reserved 1048576K
}
Event: 1.481 GC heap after
{Heap after GC invocations=1 (full 0):
 garbage-first heap   total 258048K, used 3579K [0x0000000705c00000, 0x0000000800000000)
  region size 2048K, 2 young (4096K), 2 survivors (4096K)
 Metaspace       used 5167K, committed 5312K, reserved 1114112K
  class space    used 588K, committed 640K, reserved 1048576K
}
Event: 3.065 GC heap before
{Heap before GC invocations=1 (full 0):
 garbage-first heap   total 258048K, used 36347K [0x0000000705c00000, 0x0000000800000000)
  region size 2048K, 18 young (36864K), 2 survivors (4096K)
 Metaspace       used 8278K, committed 8448K, reserved 1114112K
  class space    used 948K, committed 1024K, reserved 1048576K
}
Event: 3.075 GC heap after
{Heap after GC invocations=2 (full 0):
 garbage-first heap   total 258048K, used 5019K [0x0000000705c00000, 0x0000000800000000)
  region size 2048K, 1 young (2048K), 1 survivors (2048K)
 Metaspace       used 8278K, committed 8448K, reserved 1114112K
  class space    used 948K, committed 1024K, reserved 1048576K
}
Event: 7.367 GC heap before
{Heap before GC invocations=2 (full 0):
 garbage-first heap   total 258048K, used 56219K [0x0000000705c00000, 0x0000000800000000)
  region size 2048K, 27 young (55296K), 1 survivors (2048K)
 Metaspace       used 21295K, committed 21504K, reserved 1114112K
  class space    used 2507K, committed 2624K, reserved 1048576K
}
Event: 7.380 GC heap after
{Heap after GC invocations=3 (full 0):
 garbage-first heap   total 258048K, used 11098K [0x0000000705c00000, 0x0000000800000000)
  region size 2048K, 4 young (8192K), 4 survivors (8192K)
 Metaspace       used 21295K, committed 21504K, reserved 1114112K
  class space    used 2507K, committed 2624K, reserved 1048576K
}
Event: 16.400 GC heap before
{Heap before GC invocations=4 (full 0):
 garbage-first heap   total 49152K, used 47962K [0x0000000705c00000, 0x0000000800000000)
  region size 2048K, 22 young (45056K), 4 survivors (8192K)
 Metaspace       used 23829K, committed 24192K, reserved 1114112K
  class space    used 2722K, committed 2880K, reserved 1048576K
}
Event: 16.422 GC heap after
{Heap after GC invocations=5 (full 0):
 garbage-first heap   total 61440K, used 14586K [0x0000000705c00000, 0x0000000800000000)
  region size 2048K, 6 young (12288K), 6 survivors (12288K)
 Metaspace       used 23829K, committed 24192K, reserved 1114112K
  class space    used 2722K, committed 2880K, reserved 1048576K
}
Event: 20.979 GC heap before
{Heap before GC invocations=5 (full 0):
 garbage-first heap   total 61440K, used 39162K [0x0000000705c00000, 0x0000000800000000)
  region size 2048K, 18 young (36864K), 6 survivors (12288K)
 Metaspace       used 24573K, committed 24896K, reserved 1114112K
  class space    used 2783K, committed 2944K, reserved 1048576K
}
Event: 21.004 GC heap after
{Heap after GC invocations=6 (full 0):
 garbage-first heap   total 61440K, used 16895K [0x0000000705c00000, 0x0000000800000000)
  region size 2048K, 3 young (6144K), 3 survivors (6144K)
 Metaspace       used 24573K, committed 24896K, reserved 1114112K
  class space    used 2783K, committed 2944K, reserved 1048576K
}
Event: 29.918 GC heap before
{Heap before GC invocations=6 (full 0):
 garbage-first heap   total 61440K, used 47615K [0x0000000705c00000, 0x0000000800000000)
  region size 2048K, 18 young (36864K), 3 survivors (6144K)
 Metaspace       used 24888K, committed 25216K, reserved 1114112K
  class space    used 2785K, committed 2944K, reserved 1048576K
}
Event: 29.935 GC heap after
{Heap after GC invocations=7 (full 0):
 garbage-first heap   total 61440K, used 17999K [0x0000000705c00000, 0x0000000800000000)
  region size 2048K, 2 young (4096K), 2 survivors (4096K)
 Metaspace       used 24888K, committed 25216K, reserved 1114112K
  class space    used 2785K, committed 2944K, reserved 1048576K
}
Event: 44.346 GC heap before
{Heap before GC invocations=7 (full 0):
 garbage-first heap   total 61440K, used 50767K [0x0000000705c00000, 0x0000000800000000)
  region size 2048K, 18 young (36864K), 2 survivors (4096K)
 Metaspace       used 25322K, committed 25664K, reserved 1114112K
  class space    used 2788K, committed 2944K, reserved 1048576K
}
Event: 44.355 GC heap after
{Heap after GC invocations=8 (full 0):
 garbage-first heap   total 61440K, used 18734K [0x0000000705c00000, 0x0000000800000000)
  region size 2048K, 1 young (2048K), 1 survivors (2048K)
 Metaspace       used 25322K, committed 25664K, reserved 1114112K
  class space    used 2788K, committed 2944K, reserved 1048576K
}
Event: 54.466 GC heap before
{Heap before GC invocations=8 (full 0):
 garbage-first heap   total 61440K, used 51502K [0x0000000705c00000, 0x0000000800000000)
  region size 2048K, 17 young (34816K), 1 survivors (2048K)
 Metaspace       used 25479K, committed 25856K, reserved 1114112K
  class space    used 2788K, committed 2944K, reserved 1048576K
}
Event: 54.474 GC heap after
{Heap after GC invocations=9 (full 0):
 garbage-first heap   total 61440K, used 19703K [0x0000000705c00000, 0x0000000800000000)
  region size 2048K, 2 young (4096K), 2 survivors (4096K)
 Metaspace       used 25479K, committed 25856K, reserved 1114112K
  class space    used 2788K, committed 2944K, reserved 1048576K
}
Event: 65.457 GC heap before
{Heap before GC invocations=9 (full 0):
 garbage-first heap   total 61440K, used 50423K [0x0000000705c00000, 0x0000000800000000)
  region size 2048K, 17 young (34816K), 2 survivors (4096K)
 Metaspace       used 25930K, committed 26240K, reserved 1114112K
  class space    used 2811K, committed 2944K, reserved 1048576K
}
Event: 65.470 GC heap after
{Heap after GC invocations=10 (full 0):
 garbage-first heap   total 61440K, used 20838K [0x0000000705c00000, 0x0000000800000000)
  region size 2048K, 2 young (4096K), 2 survivors (4096K)
 Metaspace       used 25930K, committed 26240K, reserved 1114112K
  class space    used 2811K, committed 2944K, reserved 1048576K
}

